{"C:\\Users\\erikhuang\\Desktop\\AntiGravityTest\\Campsync\\CampSync\\backup0304\\src\\logic.js": {"path":"C:\\Users\\erikhuang\\Desktop\\AntiGravityTest\\Campsync\\CampSync\\backup0304\\src\\logic.js","statementMap":{"0":{"start":{"line":2,"column":30},"end":{"line":24,"column":1}},"1":{"start":{"line":3,"column":18},"end":{"line":3,"column":20}},"2":{"start":{"line":4,"column":20},"end":{"line":4,"column":22}},"3":{"start":{"line":5,"column":4},"end":{"line":8,"column":7}},"4":{"start":{"line":6,"column":8},"end":{"line":6,"column":59}},"5":{"start":{"line":6,"column":28},"end":{"line":6,"column":59}},"6":{"start":{"line":7,"column":8},"end":{"line":7,"column":60}},"7":{"start":{"line":7,"column":27},"end":{"line":7,"column":60}},"8":{"start":{"line":9,"column":4},"end":{"line":9,"column":48}},"9":{"start":{"line":9,"column":27},"end":{"line":9,"column":46}},"10":{"start":{"line":10,"column":4},"end":{"line":10,"column":50}},"11":{"start":{"line":10,"column":29},"end":{"line":10,"column":48}},"12":{"start":{"line":11,"column":23},"end":{"line":11,"column":25}},"13":{"start":{"line":12,"column":12},"end":{"line":12,"column":13}},"14":{"start":{"line":12,"column":19},"end":{"line":12,"column":20}},"15":{"start":{"line":13,"column":4},"end":{"line":22,"column":5}},"16":{"start":{"line":14,"column":21},"end":{"line":14,"column":31}},"17":{"start":{"line":14,"column":44},"end":{"line":14,"column":56}},"18":{"start":{"line":15,"column":21},"end":{"line":15,"column":71}},"19":{"start":{"line":16,"column":8},"end":{"line":16,"column":48}},"20":{"start":{"line":17,"column":8},"end":{"line":17,"column":100}},"21":{"start":{"line":17,"column":24},"end":{"line":17,"column":100}},"22":{"start":{"line":18,"column":8},"end":{"line":18,"column":32}},"23":{"start":{"line":18,"column":33},"end":{"line":18,"column":87}},"24":{"start":{"line":19,"column":8},"end":{"line":19,"column":34}},"25":{"start":{"line":19,"column":35},"end":{"line":19,"column":93}},"26":{"start":{"line":20,"column":8},"end":{"line":20,"column":48}},"27":{"start":{"line":20,"column":44},"end":{"line":20,"column":48}},"28":{"start":{"line":21,"column":8},"end":{"line":21,"column":50}},"29":{"start":{"line":21,"column":46},"end":{"line":21,"column":50}},"30":{"start":{"line":23,"column":4},"end":{"line":23,"column":24}},"31":{"start":{"line":27,"column":33},"end":{"line":46,"column":1}},"32":{"start":{"line":28,"column":21},"end":{"line":28,"column":23}},"33":{"start":{"line":29,"column":4},"end":{"line":29,"column":40}},"34":{"start":{"line":29,"column":23},"end":{"line":29,"column":38}},"35":{"start":{"line":30,"column":23},"end":{"line":30,"column":24}},"36":{"start":{"line":31,"column":25},"end":{"line":31,"column":27}},"37":{"start":{"line":32,"column":4},"end":{"line":44,"column":7}},"38":{"start":{"line":33,"column":8},"end":{"line":43,"column":9}},"39":{"start":{"line":34,"column":12},"end":{"line":34,"column":36}},"40":{"start":{"line":35,"column":12},"end":{"line":35,"column":38}},"41":{"start":{"line":36,"column":26},"end":{"line":36,"column":41}},"42":{"start":{"line":37,"column":12},"end":{"line":37,"column":77}},"43":{"start":{"line":37,"column":48},"end":{"line":37,"column":77}},"44":{"start":{"line":38,"column":34},"end":{"line":38,"column":144}},"45":{"start":{"line":38,"column":118},"end":{"line":38,"column":135}},"46":{"start":{"line":39,"column":12},"end":{"line":42,"column":13}},"47":{"start":{"line":40,"column":30},"end":{"line":40,"column":62}},"48":{"start":{"line":41,"column":16},"end":{"line":41,"column":65}},"49":{"start":{"line":41,"column":43},"end":{"line":41,"column":63}},"50":{"start":{"line":45,"column":4},"end":{"line":45,"column":92}},"51":{"start":{"line":49,"column":38},"end":{"line":61,"column":1}},"52":{"start":{"line":50,"column":20},"end":{"line":50,"column":94}},"53":{"start":{"line":51,"column":16},"end":{"line":51,"column":41}},"54":{"start":{"line":52,"column":4},"end":{"line":57,"column":5}},"55":{"start":{"line":53,"column":8},"end":{"line":53,"column":48}},"56":{"start":{"line":53,"column":33},"end":{"line":53,"column":48}},"57":{"start":{"line":54,"column":8},"end":{"line":54,"column":31}},"58":{"start":{"line":56,"column":8},"end":{"line":56,"column":31}},"59":{"start":{"line":59,"column":4},"end":{"line":59,"column":94}},"60":{"start":{"line":59,"column":60},"end":{"line":59,"column":79}},"61":{"start":{"line":59,"column":82},"end":{"line":59,"column":94}},"62":{"start":{"line":60,"column":4},"end":{"line":60,"column":19}},"63":{"start":{"line":64,"column":32},"end":{"line":72,"column":1}},"64":{"start":{"line":65,"column":4},"end":{"line":65,"column":85}},"65":{"start":{"line":65,"column":43},"end":{"line":65,"column":85}},"66":{"start":{"line":66,"column":4},"end":{"line":66,"column":97}},"67":{"start":{"line":66,"column":51},"end":{"line":66,"column":97}},"68":{"start":{"line":67,"column":4},"end":{"line":67,"column":74}},"69":{"start":{"line":67,"column":33},"end":{"line":67,"column":74}},"70":{"start":{"line":68,"column":4},"end":{"line":70,"column":5}},"71":{"start":{"line":69,"column":8},"end":{"line":69,"column":100}},"72":{"start":{"line":69,"column":57},"end":{"line":69,"column":100}},"73":{"start":{"line":71,"column":4},"end":{"line":71,"column":141}},"74":{"start":{"line":75,"column":35},"end":{"line":79,"column":1}},"75":{"start":{"line":76,"column":4},"end":{"line":78,"column":112}},"76":{"start":{"line":77,"column":21},"end":{"line":77,"column":38}},"77":{"start":{"line":78,"column":48},"end":{"line":78,"column":109}},"78":{"start":{"line":82,"column":34},"end":{"line":82,"column":80}}},"fnMap":{"0":{"name":"(anonymous_0)","decl":{"start":{"line":2,"column":30},"end":{"line":2,"column":31}},"loc":{"start":{"line":2,"column":44},"end":{"line":24,"column":1}},"line":2},"1":{"name":"(anonymous_1)","decl":{"start":{"line":5,"column":37},"end":{"line":5,"column":38}},"loc":{"start":{"line":5,"column":57},"end":{"line":8,"column":5}},"line":5},"2":{"name":"(anonymous_2)","decl":{"start":{"line":9,"column":17},"end":{"line":9,"column":18}},"loc":{"start":{"line":9,"column":27},"end":{"line":9,"column":46}},"line":9},"3":{"name":"(anonymous_3)","decl":{"start":{"line":10,"column":19},"end":{"line":10,"column":20}},"loc":{"start":{"line":10,"column":29},"end":{"line":10,"column":48}},"line":10},"4":{"name":"(anonymous_4)","decl":{"start":{"line":27,"column":33},"end":{"line":27,"column":34}},"loc":{"start":{"line":27,"column":51},"end":{"line":46,"column":1}},"line":27},"5":{"name":"(anonymous_5)","decl":{"start":{"line":29,"column":18},"end":{"line":29,"column":19}},"loc":{"start":{"line":29,"column":23},"end":{"line":29,"column":38}},"line":29},"6":{"name":"(anonymous_6)","decl":{"start":{"line":32,"column":18},"end":{"line":32,"column":22}},"loc":{"start":{"line":32,"column":26},"end":{"line":44,"column":5}},"line":32},"7":{"name":"(anonymous_7)","decl":{"start":{"line":38,"column":113},"end":{"line":38,"column":114}},"loc":{"start":{"line":38,"column":118},"end":{"line":38,"column":135}},"line":38},"8":{"name":"(anonymous_8)","decl":{"start":{"line":41,"column":38},"end":{"line":41,"column":39}},"loc":{"start":{"line":41,"column":43},"end":{"line":41,"column":63}},"line":41},"9":{"name":"(anonymous_9)","decl":{"start":{"line":49,"column":38},"end":{"line":49,"column":39}},"loc":{"start":{"line":49,"column":73},"end":{"line":61,"column":1}},"line":49},"10":{"name":"(anonymous_10)","decl":{"start":{"line":59,"column":55},"end":{"line":59,"column":56}},"loc":{"start":{"line":59,"column":60},"end":{"line":59,"column":79}},"line":59},"11":{"name":"(anonymous_11)","decl":{"start":{"line":64,"column":32},"end":{"line":64,"column":33}},"loc":{"start":{"line":64,"column":42},"end":{"line":72,"column":1}},"line":64},"12":{"name":"(anonymous_12)","decl":{"start":{"line":75,"column":35},"end":{"line":75,"column":36}},"loc":{"start":{"line":75,"column":46},"end":{"line":79,"column":1}},"line":75},"13":{"name":"(anonymous_13)","decl":{"start":{"line":77,"column":16},"end":{"line":77,"column":17}},"loc":{"start":{"line":77,"column":21},"end":{"line":77,"column":38}},"line":77},"14":{"name":"(anonymous_14)","decl":{"start":{"line":78,"column":13},"end":{"line":78,"column":14}},"loc":{"start":{"line":78,"column":48},"end":{"line":78,"column":109}},"line":78}},"branchMap":{"0":{"loc":{"start":{"line":6,"column":8},"end":{"line":6,"column":59}},"type":"if","locations":[{"start":{"line":6,"column":8},"end":{"line":6,"column":59}},{"start":{},"end":{}}],"line":6},"1":{"loc":{"start":{"line":7,"column":8},"end":{"line":7,"column":60}},"type":"if","locations":[{"start":{"line":7,"column":8},"end":{"line":7,"column":60}},{"start":{},"end":{}}],"line":7},"2":{"loc":{"start":{"line":13,"column":11},"end":{"line":13,"column":53}},"type":"binary-expr","locations":[{"start":{"line":13,"column":11},"end":{"line":13,"column":29}},{"start":{"line":13,"column":33},"end":{"line":13,"column":53}}],"line":13},"3":{"loc":{"start":{"line":17,"column":8},"end":{"line":17,"column":100}},"type":"if","locations":[{"start":{"line":17,"column":8},"end":{"line":17,"column":100}},{"start":{},"end":{}}],"line":17},"4":{"loc":{"start":{"line":20,"column":8},"end":{"line":20,"column":48}},"type":"if","locations":[{"start":{"line":20,"column":8},"end":{"line":20,"column":48}},{"start":{},"end":{}}],"line":20},"5":{"loc":{"start":{"line":21,"column":8},"end":{"line":21,"column":50}},"type":"if","locations":[{"start":{"line":21,"column":8},"end":{"line":21,"column":50}},{"start":{},"end":{}}],"line":21},"6":{"loc":{"start":{"line":33,"column":8},"end":{"line":43,"column":9}},"type":"if","locations":[{"start":{"line":33,"column":8},"end":{"line":43,"column":9}},{"start":{},"end":{}}],"line":33},"7":{"loc":{"start":{"line":37,"column":12},"end":{"line":37,"column":77}},"type":"if","locations":[{"start":{"line":37,"column":12},"end":{"line":37,"column":77}},{"start":{},"end":{}}],"line":37},"8":{"loc":{"start":{"line":37,"column":16},"end":{"line":37,"column":46}},"type":"binary-expr","locations":[{"start":{"line":37,"column":16},"end":{"line":37,"column":21}},{"start":{"line":37,"column":25},"end":{"line":37,"column":46}}],"line":37},"9":{"loc":{"start":{"line":38,"column":34},"end":{"line":38,"column":144}},"type":"cond-expr","locations":[{"start":{"line":38,"column":88},"end":{"line":38,"column":136}},{"start":{"line":38,"column":139},"end":{"line":38,"column":144}}],"line":38},"10":{"loc":{"start":{"line":38,"column":35},"end":{"line":38,"column":84}},"type":"binary-expr","locations":[{"start":{"line":38,"column":35},"end":{"line":38,"column":52}},{"start":{"line":38,"column":56},"end":{"line":38,"column":84}}],"line":38},"11":{"loc":{"start":{"line":39,"column":12},"end":{"line":42,"column":13}},"type":"if","locations":[{"start":{"line":39,"column":12},"end":{"line":42,"column":13}},{"start":{},"end":{}}],"line":39},"12":{"loc":{"start":{"line":50,"column":20},"end":{"line":50,"column":94}},"type":"cond-expr","locations":[{"start":{"line":50,"column":64},"end":{"line":50,"column":81}},{"start":{"line":50,"column":84},"end":{"line":50,"column":94}}],"line":50},"13":{"loc":{"start":{"line":50,"column":21},"end":{"line":50,"column":60}},"type":"binary-expr","locations":[{"start":{"line":50,"column":21},"end":{"line":50,"column":33}},{"start":{"line":50,"column":37},"end":{"line":50,"column":60}}],"line":50},"14":{"loc":{"start":{"line":52,"column":4},"end":{"line":57,"column":5}},"type":"if","locations":[{"start":{"line":52,"column":4},"end":{"line":57,"column":5}},{"start":{"line":55,"column":11},"end":{"line":57,"column":5}}],"line":52},"15":{"loc":{"start":{"line":53,"column":8},"end":{"line":53,"column":48}},"type":"if","locations":[{"start":{"line":53,"column":8},"end":{"line":53,"column":48}},{"start":{},"end":{}}],"line":53},"16":{"loc":{"start":{"line":59,"column":4},"end":{"line":59,"column":94}},"type":"if","locations":[{"start":{"line":59,"column":4},"end":{"line":59,"column":94}},{"start":{},"end":{}}],"line":59},"17":{"loc":{"start":{"line":59,"column":8},"end":{"line":59,"column":80}},"type":"binary-expr","locations":[{"start":{"line":59,"column":8},"end":{"line":59,"column":39}},{"start":{"line":59,"column":43},"end":{"line":59,"column":80}}],"line":59},"18":{"loc":{"start":{"line":65,"column":4},"end":{"line":65,"column":85}},"type":"if","locations":[{"start":{"line":65,"column":4},"end":{"line":65,"column":85}},{"start":{},"end":{}}],"line":65},"19":{"loc":{"start":{"line":65,"column":8},"end":{"line":65,"column":41}},"type":"binary-expr","locations":[{"start":{"line":65,"column":8},"end":{"line":65,"column":13}},{"start":{"line":65,"column":17},"end":{"line":65,"column":41}}],"line":65},"20":{"loc":{"start":{"line":66,"column":4},"end":{"line":66,"column":97}},"type":"if","locations":[{"start":{"line":66,"column":4},"end":{"line":66,"column":97}},{"start":{},"end":{}}],"line":66},"21":{"loc":{"start":{"line":66,"column":8},"end":{"line":66,"column":49}},"type":"binary-expr","locations":[{"start":{"line":66,"column":8},"end":{"line":66,"column":19}},{"start":{"line":66,"column":23},"end":{"line":66,"column":49}}],"line":66},"22":{"loc":{"start":{"line":67,"column":4},"end":{"line":67,"column":74}},"type":"if","locations":[{"start":{"line":67,"column":4},"end":{"line":67,"column":74}},{"start":{},"end":{}}],"line":67},"23":{"loc":{"start":{"line":69,"column":8},"end":{"line":69,"column":100}},"type":"if","locations":[{"start":{"line":69,"column":8},"end":{"line":69,"column":100}},{"start":{},"end":{}}],"line":69},"24":{"loc":{"start":{"line":69,"column":12},"end":{"line":69,"column":55}},"type":"binary-expr","locations":[{"start":{"line":69,"column":12},"end":{"line":69,"column":22}},{"start":{"line":69,"column":26},"end":{"line":69,"column":55}}],"line":69},"25":{"loc":{"start":{"line":71,"column":44},"end":{"line":71,"column":62}},"type":"binary-expr","locations":[{"start":{"line":71,"column":44},"end":{"line":71,"column":53}},{"start":{"line":71,"column":57},"end":{"line":71,"column":62}}],"line":71},"26":{"loc":{"start":{"line":71,"column":94},"end":{"line":71,"column":136}},"type":"binary-expr","locations":[{"start":{"line":71,"column":94},"end":{"line":71,"column":108}},{"start":{"line":71,"column":112},"end":{"line":71,"column":136}}],"line":71},"27":{"loc":{"start":{"line":78,"column":66},"end":{"line":78,"column":82}},"type":"binary-expr","locations":[{"start":{"line":78,"column":66},"end":{"line":78,"column":74}},{"start":{"line":78,"column":78},"end":{"line":78,"column":82}}],"line":78},"28":{"loc":{"start":{"line":78,"column":94},"end":{"line":78,"column":107}},"type":"binary-expr","locations":[{"start":{"line":78,"column":94},"end":{"line":78,"column":102}},{"start":{"line":78,"column":106},"end":{"line":78,"column":107}}],"line":78}},"s":{"0":1,"1":11,"2":11,"3":11,"4":30,"5":14,"6":30,"7":7,"8":11,"9":6,"10":11,"11":0,"12":11,"13":11,"14":11,"15":11,"16":21,"17":21,"18":21,"19":21,"20":21,"21":21,"22":21,"23":21,"24":21,"25":21,"26":21,"27":9,"28":21,"29":7,"30":11,"31":1,"32":6,"33":6,"34":18,"35":6,"36":6,"37":6,"38":7,"39":6,"40":6,"41":6,"42":6,"43":5,"44":6,"45":2,"46":6,"47":6,"48":6,"49":17,"50":6,"51":1,"52":4,"53":4,"54":4,"55":3,"56":1,"57":2,"58":1,"59":3,"60":3,"61":1,"62":2,"63":1,"64":7,"65":1,"66":6,"67":2,"68":4,"69":4,"70":3,"71":4,"72":1,"73":2,"74":1,"75":3,"76":4,"77":3,"78":1},"f":{"0":11,"1":30,"2":6,"3":0,"4":6,"5":18,"6":7,"7":2,"8":17,"9":4,"10":3,"11":7,"12":3,"13":4,"14":3},"b":{"0":[14,16],"1":[7,23],"2":[11,23],"3":[21,0],"4":[9,12],"5":[7,14],"6":[6,1],"7":[5,1],"8":[6,6],"9":[1,5],"10":[6,2],"11":[6,0],"12":[2,2],"13":[4,3],"14":[3,1],"15":[1,2],"16":[1,2],"17":[3,1],"18":[1,6],"19":[7,6],"20":[2,4],"21":[6,5],"22":[1,3],"23":[1,3],"24":[4,3],"25":[2,1],"26":[7,2],"27":[3,1],"28":[3,1]},"meta":{"lastBranch":29,"lastFunction":15,"lastStatement":79,"seen":{"s:2:30:24:1":0,"f:2:30:2:31":0,"s:3:18:3:20":1,"s:4:20:4:22":2,"s:5:4:8:7":3,"f:5:37:5:38":1,"b:6:8:6:59:undefined:undefined:undefined:undefined":0,"s:6:8:6:59":4,"s:6:28:6:59":5,"b:7:8:7:60:undefined:undefined:undefined:undefined":1,"s:7:8:7:60":6,"s:7:27:7:60":7,"s:9:4:9:48":8,"f:9:17:9:18":2,"s:9:27:9:46":9,"s:10:4:10:50":10,"f:10:19:10:20":3,"s:10:29:10:48":11,"s:11:23:11:25":12,"s:12:12:12:13":13,"s:12:19:12:20":14,"s:13:4:22:5":15,"b:13:11:13:29:13:33:13:53":2,"s:14:21:14:31":16,"s:14:44:14:56":17,"s:15:21:15:71":18,"s:16:8:16:48":19,"b:17:8:17:100:undefined:undefined:undefined:undefined":3,"s:17:8:17:100":20,"s:17:24:17:100":21,"s:18:8:18:32":22,"s:18:33:18:87":23,"s:19:8:19:34":24,"s:19:35:19:93":25,"b:20:8:20:48:undefined:undefined:undefined:undefined":4,"s:20:8:20:48":26,"s:20:44:20:48":27,"b:21:8:21:50:undefined:undefined:undefined:undefined":5,"s:21:8:21:50":28,"s:21:46:21:50":29,"s:23:4:23:24":30,"s:27:33:46:1":31,"f:27:33:27:34":4,"s:28:21:28:23":32,"s:29:4:29:40":33,"f:29:18:29:19":5,"s:29:23:29:38":34,"s:30:23:30:24":35,"s:31:25:31:27":36,"s:32:4:44:7":37,"f:32:18:32:22":6,"b:33:8:43:9:undefined:undefined:undefined:undefined":6,"s:33:8:43:9":38,"s:34:12:34:36":39,"s:35:12:35:38":40,"s:36:26:36:41":41,"b:37:12:37:77:undefined:undefined:undefined:undefined":7,"s:37:12:37:77":42,"b:37:16:37:21:37:25:37:46":8,"s:37:48:37:77":43,"s:38:34:38:144":44,"b:38:88:38:136:38:139:38:144":9,"b:38:35:38:52:38:56:38:84":10,"f:38:113:38:114":7,"s:38:118:38:135":45,"b:39:12:42:13:undefined:undefined:undefined:undefined":11,"s:39:12:42:13":46,"s:40:30:40:62":47,"s:41:16:41:65":48,"f:41:38:41:39":8,"s:41:43:41:63":49,"s:45:4:45:92":50,"s:49:38:61:1":51,"f:49:38:49:39":9,"s:50:20:50:94":52,"b:50:64:50:81:50:84:50:94":12,"b:50:21:50:33:50:37:50:60":13,"s:51:16:51:41":53,"b:52:4:57:5:55:11:57:5":14,"s:52:4:57:5":54,"b:53:8:53:48:undefined:undefined:undefined:undefined":15,"s:53:8:53:48":55,"s:53:33:53:48":56,"s:54:8:54:31":57,"s:56:8:56:31":58,"b:59:4:59:94:undefined:undefined:undefined:undefined":16,"s:59:4:59:94":59,"b:59:8:59:39:59:43:59:80":17,"f:59:55:59:56":10,"s:59:60:59:79":60,"s:59:82:59:94":61,"s:60:4:60:19":62,"s:64:32:72:1":63,"f:64:32:64:33":11,"b:65:4:65:85:undefined:undefined:undefined:undefined":18,"s:65:4:65:85":64,"b:65:8:65:13:65:17:65:41":19,"s:65:43:65:85":65,"b:66:4:66:97:undefined:undefined:undefined:undefined":20,"s:66:4:66:97":66,"b:66:8:66:19:66:23:66:49":21,"s:66:51:66:97":67,"b:67:4:67:74:undefined:undefined:undefined:undefined":22,"s:67:4:67:74":68,"s:67:33:67:74":69,"s:68:4:70:5":70,"b:69:8:69:100:undefined:undefined:undefined:undefined":23,"s:69:8:69:100":71,"b:69:12:69:22:69:26:69:55":24,"s:69:57:69:100":72,"s:71:4:71:141":73,"b:71:44:71:53:71:57:71:62":25,"b:71:94:71:108:71:112:71:136":26,"s:75:35:79:1":74,"f:75:35:75:36":12,"s:76:4:78:112":75,"f:77:16:77:17":13,"s:77:21:77:38":76,"f:78:13:78:14":14,"s:78:48:78:109":77,"b:78:66:78:74:78:78:78:82":27,"b:78:94:78:102:78:106:78:107":28,"s:82:34:82:80":78}}}
,"C:\\Users\\erikhuang\\Desktop\\AntiGravityTest\\Campsync\\CampSync\\src\\logic.js": {"path":"C:\\Users\\erikhuang\\Desktop\\AntiGravityTest\\Campsync\\CampSync\\src\\logic.js","statementMap":{"0":{"start":{"line":2,"column":30},"end":{"line":24,"column":1}},"1":{"start":{"line":3,"column":18},"end":{"line":3,"column":20}},"2":{"start":{"line":4,"column":20},"end":{"line":4,"column":22}},"3":{"start":{"line":5,"column":4},"end":{"line":8,"column":7}},"4":{"start":{"line":6,"column":8},"end":{"line":6,"column":59}},"5":{"start":{"line":6,"column":28},"end":{"line":6,"column":59}},"6":{"start":{"line":7,"column":8},"end":{"line":7,"column":60}},"7":{"start":{"line":7,"column":27},"end":{"line":7,"column":60}},"8":{"start":{"line":9,"column":4},"end":{"line":9,"column":48}},"9":{"start":{"line":9,"column":27},"end":{"line":9,"column":46}},"10":{"start":{"line":10,"column":4},"end":{"line":10,"column":50}},"11":{"start":{"line":10,"column":29},"end":{"line":10,"column":48}},"12":{"start":{"line":11,"column":23},"end":{"line":11,"column":25}},"13":{"start":{"line":12,"column":12},"end":{"line":12,"column":13}},"14":{"start":{"line":12,"column":19},"end":{"line":12,"column":20}},"15":{"start":{"line":13,"column":4},"end":{"line":22,"column":5}},"16":{"start":{"line":14,"column":21},"end":{"line":14,"column":31}},"17":{"start":{"line":14,"column":44},"end":{"line":14,"column":56}},"18":{"start":{"line":15,"column":21},"end":{"line":15,"column":71}},"19":{"start":{"line":16,"column":8},"end":{"line":16,"column":48}},"20":{"start":{"line":17,"column":8},"end":{"line":17,"column":100}},"21":{"start":{"line":17,"column":24},"end":{"line":17,"column":100}},"22":{"start":{"line":18,"column":8},"end":{"line":18,"column":32}},"23":{"start":{"line":18,"column":33},"end":{"line":18,"column":87}},"24":{"start":{"line":19,"column":8},"end":{"line":19,"column":34}},"25":{"start":{"line":19,"column":35},"end":{"line":19,"column":93}},"26":{"start":{"line":20,"column":8},"end":{"line":20,"column":48}},"27":{"start":{"line":20,"column":44},"end":{"line":20,"column":48}},"28":{"start":{"line":21,"column":8},"end":{"line":21,"column":50}},"29":{"start":{"line":21,"column":46},"end":{"line":21,"column":50}},"30":{"start":{"line":23,"column":4},"end":{"line":23,"column":24}},"31":{"start":{"line":27,"column":33},"end":{"line":52,"column":1}},"32":{"start":{"line":29,"column":25},"end":{"line":32,"column":5}},"33":{"start":{"line":30,"column":8},"end":{"line":30,"column":47}},"34":{"start":{"line":30,"column":34},"end":{"line":30,"column":47}},"35":{"start":{"line":31,"column":8},"end":{"line":31,"column":72}},"36":{"start":{"line":34,"column":21},"end":{"line":34,"column":23}},"37":{"start":{"line":35,"column":4},"end":{"line":35,"column":40}},"38":{"start":{"line":35,"column":23},"end":{"line":35,"column":38}},"39":{"start":{"line":36,"column":23},"end":{"line":36,"column":24}},"40":{"start":{"line":37,"column":25},"end":{"line":37,"column":27}},"41":{"start":{"line":38,"column":4},"end":{"line":50,"column":7}},"42":{"start":{"line":39,"column":8},"end":{"line":49,"column":9}},"43":{"start":{"line":40,"column":12},"end":{"line":40,"column":36}},"44":{"start":{"line":41,"column":12},"end":{"line":41,"column":38}},"45":{"start":{"line":42,"column":26},"end":{"line":42,"column":41}},"46":{"start":{"line":43,"column":12},"end":{"line":43,"column":77}},"47":{"start":{"line":43,"column":48},"end":{"line":43,"column":77}},"48":{"start":{"line":44,"column":34},"end":{"line":44,"column":144}},"49":{"start":{"line":44,"column":118},"end":{"line":44,"column":135}},"50":{"start":{"line":45,"column":12},"end":{"line":48,"column":13}},"51":{"start":{"line":46,"column":30},"end":{"line":46,"column":62}},"52":{"start":{"line":47,"column":16},"end":{"line":47,"column":65}},"53":{"start":{"line":47,"column":43},"end":{"line":47,"column":63}},"54":{"start":{"line":51,"column":4},"end":{"line":51,"column":92}},"55":{"start":{"line":55,"column":38},"end":{"line":67,"column":1}},"56":{"start":{"line":56,"column":20},"end":{"line":56,"column":94}},"57":{"start":{"line":57,"column":16},"end":{"line":57,"column":41}},"58":{"start":{"line":58,"column":4},"end":{"line":63,"column":5}},"59":{"start":{"line":59,"column":8},"end":{"line":59,"column":48}},"60":{"start":{"line":59,"column":33},"end":{"line":59,"column":48}},"61":{"start":{"line":60,"column":8},"end":{"line":60,"column":31}},"62":{"start":{"line":62,"column":8},"end":{"line":62,"column":31}},"63":{"start":{"line":65,"column":4},"end":{"line":65,"column":94}},"64":{"start":{"line":65,"column":60},"end":{"line":65,"column":79}},"65":{"start":{"line":65,"column":82},"end":{"line":65,"column":94}},"66":{"start":{"line":66,"column":4},"end":{"line":66,"column":19}},"67":{"start":{"line":70,"column":32},"end":{"line":78,"column":1}},"68":{"start":{"line":71,"column":4},"end":{"line":71,"column":85}},"69":{"start":{"line":71,"column":43},"end":{"line":71,"column":85}},"70":{"start":{"line":72,"column":4},"end":{"line":72,"column":97}},"71":{"start":{"line":72,"column":51},"end":{"line":72,"column":97}},"72":{"start":{"line":73,"column":4},"end":{"line":73,"column":74}},"73":{"start":{"line":73,"column":33},"end":{"line":73,"column":74}},"74":{"start":{"line":74,"column":4},"end":{"line":76,"column":5}},"75":{"start":{"line":75,"column":8},"end":{"line":75,"column":100}},"76":{"start":{"line":75,"column":57},"end":{"line":75,"column":100}},"77":{"start":{"line":77,"column":4},"end":{"line":77,"column":141}},"78":{"start":{"line":81,"column":35},"end":{"line":85,"column":1}},"79":{"start":{"line":82,"column":4},"end":{"line":84,"column":112}},"80":{"start":{"line":83,"column":21},"end":{"line":83,"column":38}},"81":{"start":{"line":84,"column":48},"end":{"line":84,"column":109}},"82":{"start":{"line":88,"column":34},"end":{"line":88,"column":80}}},"fnMap":{"0":{"name":"(anonymous_0)","decl":{"start":{"line":2,"column":30},"end":{"line":2,"column":31}},"loc":{"start":{"line":2,"column":44},"end":{"line":24,"column":1}},"line":2},"1":{"name":"(anonymous_1)","decl":{"start":{"line":5,"column":37},"end":{"line":5,"column":38}},"loc":{"start":{"line":5,"column":57},"end":{"line":8,"column":5}},"line":5},"2":{"name":"(anonymous_2)","decl":{"start":{"line":9,"column":17},"end":{"line":9,"column":18}},"loc":{"start":{"line":9,"column":27},"end":{"line":9,"column":46}},"line":9},"3":{"name":"(anonymous_3)","decl":{"start":{"line":10,"column":19},"end":{"line":10,"column":20}},"loc":{"start":{"line":10,"column":29},"end":{"line":10,"column":48}},"line":10},"4":{"name":"(anonymous_4)","decl":{"start":{"line":27,"column":33},"end":{"line":27,"column":34}},"loc":{"start":{"line":27,"column":69},"end":{"line":52,"column":1}},"line":27},"5":{"name":"(anonymous_5)","decl":{"start":{"line":29,"column":25},"end":{"line":29,"column":26}},"loc":{"start":{"line":29,"column":35},"end":{"line":32,"column":5}},"line":29},"6":{"name":"(anonymous_6)","decl":{"start":{"line":35,"column":18},"end":{"line":35,"column":19}},"loc":{"start":{"line":35,"column":23},"end":{"line":35,"column":38}},"line":35},"7":{"name":"(anonymous_7)","decl":{"start":{"line":38,"column":18},"end":{"line":38,"column":22}},"loc":{"start":{"line":38,"column":26},"end":{"line":50,"column":5}},"line":38},"8":{"name":"(anonymous_8)","decl":{"start":{"line":44,"column":113},"end":{"line":44,"column":114}},"loc":{"start":{"line":44,"column":118},"end":{"line":44,"column":135}},"line":44},"9":{"name":"(anonymous_9)","decl":{"start":{"line":47,"column":38},"end":{"line":47,"column":39}},"loc":{"start":{"line":47,"column":43},"end":{"line":47,"column":63}},"line":47},"10":{"name":"(anonymous_10)","decl":{"start":{"line":55,"column":38},"end":{"line":55,"column":39}},"loc":{"start":{"line":55,"column":73},"end":{"line":67,"column":1}},"line":55},"11":{"name":"(anonymous_11)","decl":{"start":{"line":65,"column":55},"end":{"line":65,"column":56}},"loc":{"start":{"line":65,"column":60},"end":{"line":65,"column":79}},"line":65},"12":{"name":"(anonymous_12)","decl":{"start":{"line":70,"column":32},"end":{"line":70,"column":33}},"loc":{"start":{"line":70,"column":42},"end":{"line":78,"column":1}},"line":70},"13":{"name":"(anonymous_13)","decl":{"start":{"line":81,"column":35},"end":{"line":81,"column":36}},"loc":{"start":{"line":81,"column":46},"end":{"line":85,"column":1}},"line":81},"14":{"name":"(anonymous_14)","decl":{"start":{"line":83,"column":16},"end":{"line":83,"column":17}},"loc":{"start":{"line":83,"column":21},"end":{"line":83,"column":38}},"line":83},"15":{"name":"(anonymous_15)","decl":{"start":{"line":84,"column":13},"end":{"line":84,"column":14}},"loc":{"start":{"line":84,"column":48},"end":{"line":84,"column":109}},"line":84}},"branchMap":{"0":{"loc":{"start":{"line":6,"column":8},"end":{"line":6,"column":59}},"type":"if","locations":[{"start":{"line":6,"column":8},"end":{"line":6,"column":59}},{"start":{},"end":{}}],"line":6},"1":{"loc":{"start":{"line":7,"column":8},"end":{"line":7,"column":60}},"type":"if","locations":[{"start":{"line":7,"column":8},"end":{"line":7,"column":60}},{"start":{},"end":{}}],"line":7},"2":{"loc":{"start":{"line":13,"column":11},"end":{"line":13,"column":53}},"type":"binary-expr","locations":[{"start":{"line":13,"column":11},"end":{"line":13,"column":29}},{"start":{"line":13,"column":33},"end":{"line":13,"column":53}}],"line":13},"3":{"loc":{"start":{"line":17,"column":8},"end":{"line":17,"column":100}},"type":"if","locations":[{"start":{"line":17,"column":8},"end":{"line":17,"column":100}},{"start":{},"end":{}}],"line":17},"4":{"loc":{"start":{"line":20,"column":8},"end":{"line":20,"column":48}},"type":"if","locations":[{"start":{"line":20,"column":8},"end":{"line":20,"column":48}},{"start":{},"end":{}}],"line":20},"5":{"loc":{"start":{"line":21,"column":8},"end":{"line":21,"column":50}},"type":"if","locations":[{"start":{"line":21,"column":8},"end":{"line":21,"column":50}},{"start":{},"end":{}}],"line":21},"6":{"loc":{"start":{"line":27,"column":48},"end":{"line":27,"column":64}},"type":"default-arg","locations":[{"start":{"line":27,"column":62},"end":{"line":27,"column":64}}],"line":27},"7":{"loc":{"start":{"line":30,"column":8},"end":{"line":30,"column":47}},"type":"if","locations":[{"start":{"line":30,"column":8},"end":{"line":30,"column":47}},{"start":{},"end":{}}],"line":30},"8":{"loc":{"start":{"line":31,"column":16},"end":{"line":31,"column":48}},"type":"binary-expr","locations":[{"start":{"line":31,"column":16},"end":{"line":31,"column":42}},{"start":{"line":31,"column":46},"end":{"line":31,"column":48}}],"line":31},"9":{"loc":{"start":{"line":39,"column":8},"end":{"line":49,"column":9}},"type":"if","locations":[{"start":{"line":39,"column":8},"end":{"line":49,"column":9}},{"start":{},"end":{}}],"line":39},"10":{"loc":{"start":{"line":39,"column":12},"end":{"line":39,"column":48}},"type":"binary-expr","locations":[{"start":{"line":39,"column":12},"end":{"line":39,"column":25}},{"start":{"line":39,"column":29},"end":{"line":39,"column":48}}],"line":39},"11":{"loc":{"start":{"line":43,"column":12},"end":{"line":43,"column":77}},"type":"if","locations":[{"start":{"line":43,"column":12},"end":{"line":43,"column":77}},{"start":{},"end":{}}],"line":43},"12":{"loc":{"start":{"line":43,"column":16},"end":{"line":43,"column":46}},"type":"binary-expr","locations":[{"start":{"line":43,"column":16},"end":{"line":43,"column":21}},{"start":{"line":43,"column":25},"end":{"line":43,"column":46}}],"line":43},"13":{"loc":{"start":{"line":44,"column":34},"end":{"line":44,"column":144}},"type":"cond-expr","locations":[{"start":{"line":44,"column":88},"end":{"line":44,"column":136}},{"start":{"line":44,"column":139},"end":{"line":44,"column":144}}],"line":44},"14":{"loc":{"start":{"line":44,"column":35},"end":{"line":44,"column":84}},"type":"binary-expr","locations":[{"start":{"line":44,"column":35},"end":{"line":44,"column":52}},{"start":{"line":44,"column":56},"end":{"line":44,"column":84}}],"line":44},"15":{"loc":{"start":{"line":45,"column":12},"end":{"line":48,"column":13}},"type":"if","locations":[{"start":{"line":45,"column":12},"end":{"line":48,"column":13}},{"start":{},"end":{}}],"line":45},"16":{"loc":{"start":{"line":56,"column":20},"end":{"line":56,"column":94}},"type":"cond-expr","locations":[{"start":{"line":56,"column":64},"end":{"line":56,"column":81}},{"start":{"line":56,"column":84},"end":{"line":56,"column":94}}],"line":56},"17":{"loc":{"start":{"line":56,"column":21},"end":{"line":56,"column":60}},"type":"binary-expr","locations":[{"start":{"line":56,"column":21},"end":{"line":56,"column":33}},{"start":{"line":56,"column":37},"end":{"line":56,"column":60}}],"line":56},"18":{"loc":{"start":{"line":58,"column":4},"end":{"line":63,"column":5}},"type":"if","locations":[{"start":{"line":58,"column":4},"end":{"line":63,"column":5}},{"start":{"line":61,"column":11},"end":{"line":63,"column":5}}],"line":58},"19":{"loc":{"start":{"line":59,"column":8},"end":{"line":59,"column":48}},"type":"if","locations":[{"start":{"line":59,"column":8},"end":{"line":59,"column":48}},{"start":{},"end":{}}],"line":59},"20":{"loc":{"start":{"line":65,"column":4},"end":{"line":65,"column":94}},"type":"if","locations":[{"start":{"line":65,"column":4},"end":{"line":65,"column":94}},{"start":{},"end":{}}],"line":65},"21":{"loc":{"start":{"line":65,"column":8},"end":{"line":65,"column":80}},"type":"binary-expr","locations":[{"start":{"line":65,"column":8},"end":{"line":65,"column":39}},{"start":{"line":65,"column":43},"end":{"line":65,"column":80}}],"line":65},"22":{"loc":{"start":{"line":71,"column":4},"end":{"line":71,"column":85}},"type":"if","locations":[{"start":{"line":71,"column":4},"end":{"line":71,"column":85}},{"start":{},"end":{}}],"line":71},"23":{"loc":{"start":{"line":71,"column":8},"end":{"line":71,"column":41}},"type":"binary-expr","locations":[{"start":{"line":71,"column":8},"end":{"line":71,"column":13}},{"start":{"line":71,"column":17},"end":{"line":71,"column":41}}],"line":71},"24":{"loc":{"start":{"line":72,"column":4},"end":{"line":72,"column":97}},"type":"if","locations":[{"start":{"line":72,"column":4},"end":{"line":72,"column":97}},{"start":{},"end":{}}],"line":72},"25":{"loc":{"start":{"line":72,"column":8},"end":{"line":72,"column":49}},"type":"binary-expr","locations":[{"start":{"line":72,"column":8},"end":{"line":72,"column":19}},{"start":{"line":72,"column":23},"end":{"line":72,"column":49}}],"line":72},"26":{"loc":{"start":{"line":73,"column":4},"end":{"line":73,"column":74}},"type":"if","locations":[{"start":{"line":73,"column":4},"end":{"line":73,"column":74}},{"start":{},"end":{}}],"line":73},"27":{"loc":{"start":{"line":75,"column":8},"end":{"line":75,"column":100}},"type":"if","locations":[{"start":{"line":75,"column":8},"end":{"line":75,"column":100}},{"start":{},"end":{}}],"line":75},"28":{"loc":{"start":{"line":75,"column":12},"end":{"line":75,"column":55}},"type":"binary-expr","locations":[{"start":{"line":75,"column":12},"end":{"line":75,"column":22}},{"start":{"line":75,"column":26},"end":{"line":75,"column":55}}],"line":75},"29":{"loc":{"start":{"line":77,"column":44},"end":{"line":77,"column":62}},"type":"binary-expr","locations":[{"start":{"line":77,"column":44},"end":{"line":77,"column":53}},{"start":{"line":77,"column":57},"end":{"line":77,"column":62}}],"line":77},"30":{"loc":{"start":{"line":77,"column":94},"end":{"line":77,"column":136}},"type":"binary-expr","locations":[{"start":{"line":77,"column":94},"end":{"line":77,"column":108}},{"start":{"line":77,"column":112},"end":{"line":77,"column":136}}],"line":77},"31":{"loc":{"start":{"line":84,"column":66},"end":{"line":84,"column":82}},"type":"binary-expr","locations":[{"start":{"line":84,"column":66},"end":{"line":84,"column":74}},{"start":{"line":84,"column":78},"end":{"line":84,"column":82}}],"line":84},"32":{"loc":{"start":{"line":84,"column":94},"end":{"line":84,"column":107}},"type":"binary-expr","locations":[{"start":{"line":84,"column":94},"end":{"line":84,"column":102}},{"start":{"line":84,"column":106},"end":{"line":84,"column":107}}],"line":84}},"s":{"0":1,"1":12,"2":12,"3":12,"4":33,"5":16,"6":33,"7":8,"8":12,"9":7,"10":12,"11":0,"12":12,"13":12,"14":12,"15":12,"16":23,"17":23,"18":23,"19":23,"20":23,"21":23,"22":23,"23":23,"24":23,"25":23,"26":23,"27":11,"28":23,"29":8,"30":12,"31":1,"32":7,"33":9,"34":6,"35":3,"36":7,"37":7,"38":21,"39":7,"40":7,"41":7,"42":10,"43":8,"44":8,"45":8,"46":8,"47":7,"48":8,"49":2,"50":8,"51":8,"52":8,"53":23,"54":7,"55":1,"56":4,"57":4,"58":4,"59":3,"60":1,"61":2,"62":1,"63":3,"64":3,"65":1,"66":2,"67":1,"68":7,"69":1,"70":6,"71":2,"72":4,"73":4,"74":3,"75":4,"76":1,"77":2,"78":1,"79":3,"80":4,"81":3,"82":1},"f":{"0":12,"1":33,"2":7,"3":0,"4":7,"5":9,"6":21,"7":10,"8":2,"9":23,"10":4,"11":3,"12":7,"13":3,"14":4,"15":3},"b":{"0":[16,17],"1":[8,25],"2":[12,25],"3":[23,0],"4":[11,12],"5":[8,15],"6":[7],"7":[6,3],"8":[3,1],"9":[8,2],"10":[10,9],"11":[7,1],"12":[8,8],"13":[1,7],"14":[8,2],"15":[8,0],"16":[2,2],"17":[4,3],"18":[3,1],"19":[1,2],"20":[1,2],"21":[3,1],"22":[1,6],"23":[7,6],"24":[2,4],"25":[6,5],"26":[1,3],"27":[1,3],"28":[4,3],"29":[2,1],"30":[7,2],"31":[3,1],"32":[3,1]},"meta":{"lastBranch":33,"lastFunction":16,"lastStatement":83,"seen":{"s:2:30:24:1":0,"f:2:30:2:31":0,"s:3:18:3:20":1,"s:4:20:4:22":2,"s:5:4:8:7":3,"f:5:37:5:38":1,"b:6:8:6:59:undefined:undefined:undefined:undefined":0,"s:6:8:6:59":4,"s:6:28:6:59":5,"b:7:8:7:60:undefined:undefined:undefined:undefined":1,"s:7:8:7:60":6,"s:7:27:7:60":7,"s:9:4:9:48":8,"f:9:17:9:18":2,"s:9:27:9:46":9,"s:10:4:10:50":10,"f:10:19:10:20":3,"s:10:29:10:48":11,"s:11:23:11:25":12,"s:12:12:12:13":13,"s:12:19:12:20":14,"s:13:4:22:5":15,"b:13:11:13:29:13:33:13:53":2,"s:14:21:14:31":16,"s:14:44:14:56":17,"s:15:21:15:71":18,"s:16:8:16:48":19,"b:17:8:17:100:undefined:undefined:undefined:undefined":3,"s:17:8:17:100":20,"s:17:24:17:100":21,"s:18:8:18:32":22,"s:18:33:18:87":23,"s:19:8:19:34":24,"s:19:35:19:93":25,"b:20:8:20:48:undefined:undefined:undefined:undefined":4,"s:20:8:20:48":26,"s:20:44:20:48":27,"b:21:8:21:50:undefined:undefined:undefined:undefined":5,"s:21:8:21:50":28,"s:21:46:21:50":29,"s:23:4:23:24":30,"s:27:33:52:1":31,"f:27:33:27:34":4,"b:27:62:27:64":6,"s:29:25:32:5":32,"f:29:25:29:26":5,"b:30:8:30:47:undefined:undefined:undefined:undefined":7,"s:30:8:30:47":33,"s:30:34:30:47":34,"s:31:8:31:72":35,"b:31:16:31:42:31:46:31:48":8,"s:34:21:34:23":36,"s:35:4:35:40":37,"f:35:18:35:19":6,"s:35:23:35:38":38,"s:36:23:36:24":39,"s:37:25:37:27":40,"s:38:4:50:7":41,"f:38:18:38:22":7,"b:39:8:49:9:undefined:undefined:undefined:undefined":9,"s:39:8:49:9":42,"b:39:12:39:25:39:29:39:48":10,"s:40:12:40:36":43,"s:41:12:41:38":44,"s:42:26:42:41":45,"b:43:12:43:77:undefined:undefined:undefined:undefined":11,"s:43:12:43:77":46,"b:43:16:43:21:43:25:43:46":12,"s:43:48:43:77":47,"s:44:34:44:144":48,"b:44:88:44:136:44:139:44:144":13,"b:44:35:44:52:44:56:44:84":14,"f:44:113:44:114":8,"s:44:118:44:135":49,"b:45:12:48:13:undefined:undefined:undefined:undefined":15,"s:45:12:48:13":50,"s:46:30:46:62":51,"s:47:16:47:65":52,"f:47:38:47:39":9,"s:47:43:47:63":53,"s:51:4:51:92":54,"s:55:38:67:1":55,"f:55:38:55:39":10,"s:56:20:56:94":56,"b:56:64:56:81:56:84:56:94":16,"b:56:21:56:33:56:37:56:60":17,"s:57:16:57:41":57,"b:58:4:63:5:61:11:63:5":18,"s:58:4:63:5":58,"b:59:8:59:48:undefined:undefined:undefined:undefined":19,"s:59:8:59:48":59,"s:59:33:59:48":60,"s:60:8:60:31":61,"s:62:8:62:31":62,"b:65:4:65:94:undefined:undefined:undefined:undefined":20,"s:65:4:65:94":63,"b:65:8:65:39:65:43:65:80":21,"f:65:55:65:56":11,"s:65:60:65:79":64,"s:65:82:65:94":65,"s:66:4:66:19":66,"s:70:32:78:1":67,"f:70:32:70:33":12,"b:71:4:71:85:undefined:undefined:undefined:undefined":22,"s:71:4:71:85":68,"b:71:8:71:13:71:17:71:41":23,"s:71:43:71:85":69,"b:72:4:72:97:undefined:undefined:undefined:undefined":24,"s:72:4:72:97":70,"b:72:8:72:19:72:23:72:49":25,"s:72:51:72:97":71,"b:73:4:73:74:undefined:undefined:undefined:undefined":26,"s:73:4:73:74":72,"s:73:33:73:74":73,"s:74:4:76:5":74,"b:75:8:75:100:undefined:undefined:undefined:undefined":27,"s:75:8:75:100":75,"b:75:12:75:22:75:26:75:55":28,"s:75:57:75:100":76,"s:77:4:77:141":77,"b:77:44:77:53:77:57:77:62":29,"b:77:94:77:108:77:112:77:136":30,"s:81:35:85:1":78,"f:81:35:81:36":13,"s:82:4:84:112":79,"f:83:16:83:17":14,"s:83:21:83:38":80,"f:84:13:84:14":15,"s:84:48:84:109":81,"b:84:66:84:74:84:78:84:82":31,"b:84:94:84:102:84:106:84:107":32,"s:88:34:88:80":82}}}
}
